This is XeTeXk, Version 3.1415926-2.2-0.999.6 (Web2C 7.5.7) (format=xelatex 2008.12.14)  15 DEC 2008 22:19
entering extended mode
 %&-line parsing enabled.
**default
(./default.tex
LaTeX2e <2005/12/01>
Babel <v3.8l> and hyphenation patterns for english, usenglishmax, dumylang, noh
yphenation, bulgarian, russian, ukrainian, loaded.
(./preamble.tex (./preamble/class.tex
(/home/dharma/texmf/tex/latex/phdthesr/phdthesr.cls
Document Class: phdthesr 2000/01/01 v0.0.0 PhD Thesis Class, Russian Standard
(/usr/share/texmf-dist/tex/latex/graphics/keyval.sty
Package: keyval 1999/03/16 v1.13 key=value parser (DPC)
\KV@toks@=\toks14
)
(/usr/local/share/texmf/tex/latex/substr/substr.sty
Package: substr 2000/06/15
\c@su@anzahl=\count79
)
(/home/dharma/texmf/tex/latex/kermit/kgeneric.cls
Document Class: kgeneric 2008/01/08 v0.0.0.2 Non Standard LaTeX document class
(/home/dharma/texmf/tex/latex/kermit/kpaper.sty
Package: kpaper 2007/11/29 v0.0.1 Paper Sizes Package

(/usr/share/texmf-dist/tex/latex/xkeyval/xkeyval.sty
Package: xkeyval 2008/08/13 v2.6a package option processing (HA)

(/usr/share/texmf-dist/tex/generic/xkeyval/xkeyval.tex
\XKV@toks=\toks15
\XKV@tempa@toks=\toks16
\XKV@depth=\count80
File: xkeyval.tex 2008/08/13 v2.6a key=value parser (HA)
)))
(/usr/share/texmf-dist/tex/latex/tools/calc.sty
Package: calc 2005/08/06 v4.2 Infix arithmetic (KKT,FJ)
\calc@Acount=\count81
\calc@Bcount=\count82
\calc@Adimen=\dimen102
\calc@Bdimen=\dimen103
\calc@Askip=\skip41
\calc@Bskip=\skip42
LaTeX Info: Redefining \setlength on input line 75.
LaTeX Info: Redefining \addtolength on input line 76.
\calc@Ccount=\count83
\calc@Cskip=\skip43
)
\c@tempCntA=\count84
\c@tempCntB=\count85
\c@tempCntC=\count86
\baselineinterval=\skip44

(/usr/share/texmf-dist/tex/latex/base/ifthen.sty
Package: ifthen 2001/05/26 v1.1c Standard LaTeX ifthen package (DPC)
)
\c@NumberOfColumn=\count87

(/usr/share/texmf-dist/tex/latex/geometry/geometry.sty
Package: geometry 2002/07/08 v3.2 Page Geometry
\Gm@cnth=\count88
\Gm@cntv=\count89
\c@Gm@tempcnt=\count90
\Gm@bindingoffset=\dimen104
\Gm@wd@mp=\dimen105
\Gm@odd@mp=\dimen106
\Gm@even@mp=\dimen107
\Gm@dimlist=\toks17

(/usr/share/texmf-dist/tex/xelatex/xetexconfig/geometry.cfg))
(/usr/share/texmf-dist/tex/latex/ltxmisc/relsize.sty
Package: relsize 2003/07/04 ver 3.1


Package relsize Warning: Failed to get list of font sizes.
(relsize)                Falling back to old definition. on input line 81.

) (/home/dharma/texmf/tex/latex/kermit/k10pt.clo
File: k10pt.clo 1999/01/07 v1.4a Standard LaTeX file (size option)
)
\c@part=\count91
\c@chapter=\count92
\c@section=\count93
\c@subsection=\count94
\c@subsubsection=\count95
\c@paragraph=\count96
\c@subparagraph=\count97
\c@figure=\count98
\c@table=\count99
\abovecaptionskip=\skip45
\belowcaptionskip=\skip46
\bibindent=\dimen108

(/usr/share/texmf-dist/tex/latex/fancyhdr/fancyhdr.sty
\fancy@headwidth=\skip47
\f@ncyO@elh=\skip48
\f@ncyO@erh=\skip49
\f@ncyO@olh=\skip50
\f@ncyO@orh=\skip51
\f@ncyO@elf=\skip52
\f@ncyO@erf=\skip53
\f@ncyO@olf=\skip54
\f@ncyO@orf=\skip55
))

Package Fancyhdr Warning: \fancyhead's `E' option without twoside option is use
less on input line 104.

LaTeX Info: Redefining \title on input line 366.
LaTeX Info: Redefining \author on input line 374.
\descriptionmargin=\dimen109
(/usr/share/texmf-dist/tex/latex/titlesec/titlesec.sty
Package: titlesec 2007/08/12 v2.8 Sectioning titles
\ttl@box=\box26
\beforetitleunit=\skip56
\aftertitleunit=\skip57
\ttl@plus=\dimen110
\ttl@minus=\dimen111
\ttl@toksa=\toks18
\titlewidth=\dimen112
\titlewidthlast=\dimen113
\titlewidthfirst=\dimen114
)
(/usr/share/texmf-dist/tex/latex/titlesec/block.tss
File: block.tss 2007/08/12
)
(/usr/share/texmf-dist/tex/latex/titlesec/titletoc.sty
Package: titletoc 2007/08/12 v1.6 TOC entries
\ttl@leftsep=\dimen115
)
(/home/dharma/texmf/tex/latex/kermit/gost/caption.cli
(/usr/share/texmf-dist/tex/latex/caption/caption.sty
Package: caption 2008/04/01 v3.1h Customizing captions (AR)

(/usr/share/texmf-dist/tex/latex/caption/caption3.sty
Package: caption3 2008/03/20 v3.1h caption3 kernel (AR)
\captionmargin=\dimen116
\captionmargin@=\dimen117
\captionwidth=\dimen118
\caption@indent=\dimen119
\caption@parindent=\dimen120
\caption@hangindent=\dimen121
Package caption Info: Unknown document class (or package),
(caption)             standard defaults will be used on input line 1024.
)

Package caption Warning: Unsupported document class (or package) detected,
(caption)                usage of the caption package is not recommended.

Package caption Info: \@makecaption = \long macro:#1#2->\par \ifdim \prevdepth 
>-\p@ \vskip 10\p@ \relax \fi \setbox \@tempboxa \hbox {\vbox to\topskip {}#1. 
#2\unskip \strut }\ifdim \wd \@tempboxa >\hsize {#1. #2\unskip \strut \par } \e
lse \hbox to\hsize {\hfil \unhbox \@tempboxa \hfil }\fi .
\c@ContinuedFloat=\count100
)) (/home/dharma/texmf/tex/latex/kermit/kermit/theorem.cli
(/usr/share/texmf-dist/tex/latex/amsfonts/amssymb.sty
Package: amssymb 2002/01/22 v2.2d

(/usr/share/texmf-dist/tex/latex/amsfonts/amsfonts.sty
Package: amsfonts 2001/10/25 v2.2f
\@emptytoks=\toks19
\symAMSa=\mathgroup4
\symAMSb=\mathgroup5
LaTeX Font Info:    Overwriting math alphabet `\mathfrak' in version `bold'
(Font)                  U/euf/m/n --> U/euf/b/n on input line 132.
))
(/usr/share/texmf-dist/tex/latex/amsmath/amsmath.sty
Package: amsmath 2000/07/18 v2.13 AMS math features
\@mathmargin=\skip58

For additional information on amsmath, use the `?' option.
LaTeX Font Info:    Try loading font information for OMX+cmex on input line 126
.
(/usr/share/texmf-dist/tex/latex/base/omxcmex.fd
File: omxcmex.fd 1999/05/25 v2.5h Standard LaTeX font definitions
)
(/usr/share/texmf-dist/tex/latex/amsmath/amstext.sty
Package: amstext 2000/06/29 v2.01

(/usr/share/texmf-dist/tex/latex/amsmath/amsgen.sty
File: amsgen.sty 1999/11/30 v2.0
\@emptytoks=\toks20
\ex@=\dimen122
))
(/usr/share/texmf-dist/tex/latex/amsmath/amsbsy.sty
Package: amsbsy 1999/11/29 v1.2d
\pmbraise@=\dimen123
)
(/usr/share/texmf-dist/tex/latex/amsmath/amsopn.sty
Package: amsopn 1999/12/14 v2.01 operator names
)
\inf@bad=\count101
LaTeX Info: Redefining \frac on input line 211.
\uproot@=\count102
\leftroot@=\count103
LaTeX Info: Redefining \overline on input line 307.
\classnum@=\count104
\DOTSCASE@=\count105
LaTeX Info: Redefining \ldots on input line 379.
LaTeX Info: Redefining \dots on input line 382.
LaTeX Info: Redefining \cdots on input line 467.
\Mathstrutbox@=\box27
\strutbox@=\box28
\big@size=\dimen124
LaTeX Font Info:    Redeclaring font encoding OML on input line 567.
LaTeX Font Info:    Redeclaring font encoding OMS on input line 568.
\macc@depth=\count106
\c@MaxMatrixCols=\count107
\dotsspace@=\muskip10
\c@parentequation=\count108
\dspbrk@lvl=\count109
\tag@help=\toks21
\row@=\count110
\column@=\count111
\maxfields@=\count112
\andhelp@=\toks22
\eqnshift@=\dimen125
\alignsep@=\dimen126
\tagshift@=\dimen127
\tagwidth@=\dimen128
\totwidth@=\dimen129
\lineht@=\dimen130
\@envbody=\toks23
\multlinegap=\skip59
\multlinetaggap=\skip60
\mathdisplay@stack=\toks24
LaTeX Info: Redefining \[ on input line 2666.
LaTeX Info: Redefining \] on input line 2667.
)
(/usr/local/share/texmf/tex/latex/ntheorem/ntheorem.sty
Style `ntheorem', Version 1.25 <2005/07/07>
Package: ntheorem 2005/07/07 1.25
\theorem@style=\toks25
\theorem@@style=\toks26
\theorembodyfont=\toks27
\theoremnumbering=\toks28
\theorempreskipamount=\skip61
\theorempostskipamount=\skip62
\theoremindent=\dimen131
\theorem@indent=\dimen132
\theoremheaderfont=\toks29
\theoremseparator=\toks30
\theoremprework=\toks31
\theorempostwork=\toks32
\theoremsymbol=\toks33
\qedsymbol=\toks34
\theoremkeyword=\toks35
\qedsymbol=\toks36
\thm@topsepadd=\skip63
Package ntheorem Info: Option `thmmarks' loaded on input line 1029.
\c@endNonectr=\count113
\c@currNonectr=\count114
\mysavskip=\skip64
Package ntheorem Info: option `amsmath' handling for `thmmarks' loaded on input
 line 1029.
\thm@amstmpdepth=\dimen133
)
\c@currTheoremctr=\count115
\c@endTheoremctr=\count116
\c@Theorem=\count117
\c@currTheorem*ctr=\count118
\c@endTheorem*ctr=\count119
\c@Theorem*=\count120
\c@currLemmactr=\count121
\c@endLemmactr=\count122
\c@Lemma=\count123
\c@currLemma*ctr=\count124
\c@endLemma*ctr=\count125
\c@Lemma*=\count126


LaTeX Warning: Unknown theoremstyle `definition'. Using `plain' on input line 4
2.

\c@currConsctr=\count127
\c@endConsctr=\count128
\c@Cons=\count129
\c@currCons*ctr=\count130
\c@endCons*ctr=\count131
\c@Cons*=\count132

LaTeX Warning: Unknown theoremstyle `remark'. Using `plain' on input line 52.

\c@currRemarkctr=\count133
\c@endRemarkctr=\count134
\c@Remark=\count135
\c@currRemark*ctr=\count136
\c@endRemark*ctr=\count137
\c@Remark*=\count138

LaTeX Warning: Unknown theoremstyle `definition'. Using `plain' on input line 6
2.

\c@currDefctr=\count139
\c@endDefctr=\count140
\c@Def=\count141
\c@currDef*ctr=\count142
\c@endDef*ctr=\count143
\c@Def*=\count144
\c@currPropositionctr=\count145
\c@endPropositionctr=\count146
\c@Proposition=\count147
\c@currProposition*ctr=\count148
\c@endProposition*ctr=\count149
\c@Proposition*=\count150
\c@currStatementctr=\count151
\c@endStatementctr=\count152
\c@Statement=\count153
\c@currStatement*ctr=\count154
\c@endStatement*ctr=\count155
\c@Statement*=\count156

LaTeX Warning: Unknown theoremstyle `definition'. Using `plain' on input line 9
2.

\c@currExamplectr=\count157
\c@endExamplectr=\count158
\c@Example=\count159
\c@currExample*ctr=\count160
\c@endExample*ctr=\count161
\c@Example*=\count162
\c@currProofctr=\count163
\c@endProofctr=\count164
\c@Proof=\count165
\c@currproofctr=\count166
\c@endproofctr=\count167
\c@proof=\count168
))) (/usr/share/texmf-dist/tex/generic/ifxetex/ifxetex.sty
Package: ifxetex 2006/08/21 v0.3 Provides ifxetex conditional
)
(./preamble/xelatex.tex (/usr/share/texmf-dist/tex/latex/t2/mathtext.sty
Package: mathtext 1999/01/28 v1.0 transparent text-and-math defs
LaTeX Info: Redefining \halign on input line 111.
)
(/usr/share/texmf-dist/tex/xelatex/fontspec/fontspec.sty
Package: fontspec 2008/08/09 v1.18 Advanced font selection for XeLaTeX
\c@zf@newff=\count169
\c@zf@index=\count170
\c@zf@script=\count171
\c@zf@language=\count172

(/usr/share/texmf-dist/tex/latex/base/fontenc.sty
Package: fontenc 2005/09/27 v1.99g Standard LaTeX package

(/usr/share/texmf-dist/tex/xelatex/euenc/eu1enc.def
File: eu1enc.def 2008/03/08 v0.1d Experimental unicode font encoding
\symEU1letters=\mathgroup6
)
LaTeX Font Info:    Try loading font information for EU1+lmr on input line 100.


(/usr/share/texmf-dist/tex/xelatex/euenc/eu1lmr.fd
File: eu1lmr.fd 2007/01/14 v1.3 Font defs for Latin Modern
))
LaTeX Info: Redefining \itshape on input line 1163.
LaTeX Info: Redefining \slshape on input line 1166.
LaTeX Info: Redefining \scshape on input line 1169.
LaTeX Info: Redefining \upshape on input line 1172.

fontspec.cfg loaded.
(/usr/share/texmf-dist/tex/xelatex/fontspec/fontspec.cfg))
(/usr/share/texmf-dist/tex/xelatex/xunicode/xunicode.sty
File: xunicode.sty 2008/02/08 v0.91 provides access to latin accents and many o
ther characters in Unicode lower plane
)
(/usr/share/texmf-dist/tex/xelatex/xltxtra/xltxtra.sty
Package: xltxtra 2008/07/29 v0.4 Improvements for the "XeLaTeX" format

(/usr/share/texmf-dist/tex/latex/graphics/graphicx.sty
Package: graphicx 1999/02/16 v1.0f Enhanced LaTeX Graphics (DPC,SPQR)

(/usr/share/texmf-dist/tex/latex/graphics/graphics.sty
Package: graphics 2006/02/20 v1.0o Standard LaTeX Graphics (DPC,SPQR)

(/usr/share/texmf-dist/tex/latex/graphics/trig.sty
Package: trig 1999/03/16 v1.09 sin cos tan (DPC)
)
(/usr/share/texmf/tex/latex/config/graphics.cfg
File: graphics.cfg 2007/01/18 v1.5 graphics configuration of teTeX/TeXLive
)
Package graphics Info: Driver file: xetex.def on input line 90.

(/usr/share/texmf-dist/tex/xelatex/xetex-def/xetex.def
File: xetex.def 2006/08/10 v0.92 LaTeX color/graphics driver for XeTeX (RRM, mo
d. JK)
))
\Gin@req@height=\dimen134
\Gin@req@width=\dimen135
)
LaTeX Info: Redefining \TeX on input line 42.
LaTeX Info: Redefining \LaTeX on input line 48.

(/usr/share/texmf-dist/tex/latex/etex-pkg/etex.sty
Package: etex 1998/03/26 v2.0 eTeX basic definition package (PEB)
\et@xins=\count173
)
(/usr/share/texmf-dist/tex/latex/base/fixltx2e.sty
Package: fixltx2e 2006/03/24 v1.1n fixes to LaTeX
LaTeX Info: Redefining \em on input line 420.
LaTeX Info: The control sequence `\[' is already robust on input line 471.
LaTeX Info: The control sequence `\]' is already robust on input line 472.
)
LaTeX Info: Redefining \em on input line 117.
LaTeX Info: Redefining \emph on input line 126.
LaTeX Info: Redefining \- on input line 131.
LaTeX Info: Redefining \textsubscript on input line 150.
LaTeX Info: Redefining \textsuperscript on input line 152.
\xxt@tempbox=\box29
)
(/usr/share/texmf-dist/tex/xelatex/xecyr/xecyr.sty
Package: xecyr 2008/03/08 v1.0 Definitions for Cyrillic Babel/XeLaTeX compatibi
lity
)
(/usr/share/texmf-dist/tex/generic/babel/babel.sty
Package: babel 2008/07/06 v3.8l The Babel package

(/usr/share/texmf-dist/tex/generic/babel/english.ldf
Language: english 2005/03/30 v3.3o English support from the babel system

(/usr/share/texmf-dist/tex/generic/babel/babel.def
File: babel.def 2008/07/06 v3.8l Babel common definitions
\babel@savecnt=\count174
\U@D=\dimen136
)
\l@british = a dialect from \language\l@english 
\l@UKenglish = a dialect from \language\l@english 
\l@canadian = a dialect from \language\l@american 
\l@australian = a dialect from \language\l@british 
\l@newzealand = a dialect from \language\l@british 
)
(/usr/share/texmf-dist/tex/generic/babel/russianb.ldf
Language: russianb 2008/03/21 v1.1r Russian support from the babel system


Package babel Warning: No input encoding specified for Russian language on inpu
t line 136.

Package babel Info: Making " an active character on input line 199.
LaTeX Font Info:    Overwriting symbol font `EU1letters' in version `bold'
(Font)                  EU1/lmr/m/n --> EU1/lmr/bx/n on input line 283.
LaTeX Font Info:    Overwriting math alphabet `\cyrmathsf' in version `bold'
(Font)                  EU1/lmss/m/n --> EU1/lmss/bx/n on input line 283.
LaTeX Font Info:    Overwriting math alphabet `\cyrmathit' in version `bold'
(Font)                  EU1/lmr/m/it --> EU1/lmr/bx/it on input line 283.
))
Package fontspec Info: Times New Roman scale = 0.96364 on input line 14.
\c@zf@famc@Times New Roman=\count175
Package fontspec Info: Defining font family for 'Times New Roman' with options 
[Mapping=tex-text,Scale=MatchLowercase,] on input line 14.
Package fontspec Info: Times New Roman scale = 0.96364 on input line 14.
Package fontspec Info: Times New Roman/B scale = 0.94405 on input line 14.
Package fontspec Info: Times New Roman/I scale = 0.97534 on input line 14.
Package fontspec Info: Times New Roman/BI scale = 0.9522 on input line 14.
LaTeX Font Info:    Font shape `EU1/TimesNewRoman(0)/m/n' will be
(Font)              scaled to size 9.63638pt on input line 14.
Package fontspec Info: Arial scale = 0.83116 on input line 15.
\c@zf@famc@Arial=\count176
Package fontspec Info: Defining font family for 'Arial' with options [Mapping=t
ex-text,Scale=MatchLowercase,] on input line 15.
Package fontspec Info: Arial scale = 0.83116 on input line 15.
Package fontspec Info: Arial/B scale = 0.83116 on input line 15.
Package fontspec Info: Arial/I scale = 0.83116 on input line 15.
Package fontspec Info: Arial/BI scale = 0.83116 on input line 15.
Package fontspec Info: Courier New scale = 1.01927 on input line 16.
\c@zf@famc@Courier New=\count177
Package fontspec Info: Defining font family for 'Courier New' with options [Map
ping=tex-text,Scale=MatchLowercase,Scale=1] on input line 16.
Package fontspec Info: Courier New scale = 1.01927 on input line 16.
Package fontspec Info: Courier New/B scale = 0.97212 on input line 16.
Package fontspec Info: Courier New/I scale = 1.01927 on input line 16.
Package fontspec Info: Courier New/BI scale = 0.97212 on input line 16.
) (./preamble/common.tex (./preamble/common.d/amsmath.tex)
(./preamble/common.d/longtable.tex
(/usr/share/texmf-dist/tex/latex/tools/longtable.sty
Package: longtable 2004/02/01 v4.11 Multi-page Table package (DPC)
\LTleft=\skip65
\LTright=\skip66
\LTpre=\skip67
\LTpost=\skip68
\LTchunksize=\count178
\LTcapwidth=\dimen137
\LT@head=\box30
\LT@firsthead=\box31
\LT@foot=\box32
\LT@lastfoot=\box33
\LT@cols=\count179
\LT@rows=\count180
\c@LT@tables=\count181
\c@LT@chunks=\count182
\LT@p@ftn=\toks37
))) (./preamble/local.tex)
(/usr/share/texmf-dist/tex/latex/mdwtools/mdwtab.sty
Package: mdwtab 1998/04/28 1.9 Table typesetting with style
\tab@state=\count183
\tab@columns=\count184
\tab@preamble=\toks38
\tab@shortline=\toks39
\extrarowheight=\dimen138
\tabextrasep=\dimen139
\arrayextrasep=\dimen140
\smarraycolsep=\dimen141
\smarrayextrasep=\dimen142
\tab@width=\dimen143
\col@sep=\dimen144
\tab@endheight=\dimen145
\tab@leftskip=\skip69
\tab@rightskip=\skip70
\fn@notes=\box34
\fn@width=\dimen146
))

LaTeX Warning: Unused global option(s):
    [a4paper,nirs].

(./default.aux (./title/title.aux) (./src/sokr.aux) (./src/int.aux)
(./src/ch01.aux) (./src/ch02.aux) (./src/ch03.aux) (./src/end.aux)
(./src/app01.aux) (./src/app02.aux))
\openout1 = `default.aux'.

LaTeX Font Info:    Checking defaults for OML/cmm/m/it on input line 8.
LaTeX Font Info:    ... okay on input line 8.
LaTeX Font Info:    Checking defaults for T1/cmr/m/n on input line 8.
LaTeX Font Info:    ... okay on input line 8.
LaTeX Font Info:    Checking defaults for OT1/cmr/m/n on input line 8.
LaTeX Font Info:    ... okay on input line 8.
LaTeX Font Info:    Checking defaults for OMS/cmsy/m/n on input line 8.
LaTeX Font Info:    ... okay on input line 8.
LaTeX Font Info:    Checking defaults for OMX/cmex/m/n on input line 8.
LaTeX Font Info:    ... okay on input line 8.
LaTeX Font Info:    Checking defaults for U/cmr/m/n on input line 8.
LaTeX Font Info:    ... okay on input line 8.
LaTeX Font Info:    Checking defaults for EU1/lmr/m/n on input line 8.
LaTeX Font Info:    ... okay on input line 8.
-------------------- Geometry parameters
paper: a4paper
landscape: --
twocolumn: --
twoside: --
asymmetric: --
h-parts: 56.9055pt, 469.4705pt, 42.67912pt
v-parts: 56.9055pt, 731.23584pt, 56.9055pt
hmarginratio: --
vmarginratio: --
lines: --
heightrounded: --
bindingoffset: 28.45274pt
truedimen: --
includehead: --
includefoot: --
includemp: --
driver: pdftex
-------------------- Page layout dimensions and switches
\paperwidth  597.50787pt
\paperheight 845.04684pt
\textwidth  469.4705pt
\textheight 731.23584pt
\oddsidemargin  13.08826pt
\evensidemargin -15.36449pt
\topmargin  -45.43198pt
\headheight 12.0pt
\headsep    18.06749pt
\footskip   25.29494pt
\marginparwidth 0.0pt
\marginparsep   0.0pt
\columnsep  10.0pt
\skip\footins  9.0pt plus 4.0pt minus 2.0pt
\hoffset 0.0pt
\voffset 0.0pt
\mag 1000

(1in=72.27pt, 1cm=28.45pt)
-----------------------

(/home/dharma/texmf/tex/latex/kermit/kermit/lang/russian.cli
(/home/dharma/texmf/tex/latex/kermit/kermit/lang/ru/list.cli
(/usr/share/texmf-dist/tex/latex/tools/enumerate.sty
Package: enumerate 1999/03/05 v3.00 enumerate extensions (DPC)
\@enLab=\toks40
)))
Package caption Info: Begin \AtBeginDocument code.
Package caption Info: longtable package is loaded.

(/usr/share/texmf-dist/tex/latex/caption/ltcaption.sty
Package: ltcaption 2008/03/28 v1.2 longtable captions (AR)
)
Package caption Info: End \AtBeginDocument code.
Package fontspec Info: Adjusting the maths setup (use [no-math] to avoid this).
 on input line 8.
\symlegacymaths=\mathgroup7
LaTeX Font Info:    Overwriting symbol font `legacymaths' in version `bold'
(Font)                  OT1/cmr/m/n --> OT1/cmr/bx/n on input line 8.
LaTeX Font Info:    Redeclaring math accent \acute on input line 8.
LaTeX Font Info:    Redeclaring math accent \grave on input line 8.
LaTeX Font Info:    Redeclaring math accent \ddot on input line 8.
LaTeX Font Info:    Redeclaring math accent \tilde on input line 8.
LaTeX Font Info:    Redeclaring math accent \bar on input line 8.
LaTeX Font Info:    Redeclaring math accent \breve on input line 8.
LaTeX Font Info:    Redeclaring math accent \check on input line 8.
LaTeX Font Info:    Redeclaring math accent \hat on input line 8.
LaTeX Font Info:    Redeclaring math accent \dot on input line 8.
LaTeX Font Info:    Redeclaring math accent \mathring on input line 8.
LaTeX Font Info:    Redeclaring math symbol \Gamma on input line 8.
LaTeX Font Info:    Redeclaring math symbol \Delta on input line 8.
LaTeX Font Info:    Redeclaring math symbol \Theta on input line 8.
LaTeX Font Info:    Redeclaring math symbol \Lambda on input line 8.
LaTeX Font Info:    Redeclaring math symbol \Xi on input line 8.
LaTeX Font Info:    Redeclaring math symbol \Pi on input line 8.
LaTeX Font Info:    Redeclaring math symbol \Sigma on input line 8.
LaTeX Font Info:    Redeclaring math symbol \Upsilon on input line 8.
LaTeX Font Info:    Redeclaring math symbol \Phi on input line 8.
LaTeX Font Info:    Redeclaring math symbol \Psi on input line 8.
LaTeX Font Info:    Redeclaring math symbol \Omega on input line 8.
LaTeX Font Info:    Redeclaring math symbol \mathdollar on input line 8.
LaTeX Font Info:    Redeclaring symbol font `operators' on input line 8.
LaTeX Font Info:    Encoding `OT1' has changed to `EU1' for symbol font
(Font)              `operators' in the math version `normal' on input line 8.
LaTeX Font Info:    Overwriting symbol font `operators' in version `normal'
(Font)                  OT1/cmr/m/n --> EU1/TimesNewRoman(0)/m/n on input line 
8.
LaTeX Font Info:    Encoding `OT1' has changed to `EU1' for symbol font
(Font)              `operators' in the math version `bold' on input line 8.
LaTeX Font Info:    Overwriting symbol font `operators' in version `bold'
(Font)                  OT1/cmr/bx/n --> EU1/TimesNewRoman(0)/m/n on input line
 8.
LaTeX Font Info:    Overwriting symbol font `operators' in version `normal'
(Font)                  EU1/TimesNewRoman(0)/m/n --> EU1/TimesNewRoman(0)/m/n o
n input line 8.
LaTeX Font Info:    Overwriting math alphabet `\mathrm' in version `normal'
(Font)                  EU1/TimesNewRoman(0)/m/n --> EU1/TimesNewRoman(0)/m/n o
n input line 8.
LaTeX Font Info:    Overwriting math alphabet `\mathit' in version `normal'
(Font)                  OT1/cmr/m/it --> EU1/TimesNewRoman(0)/m/it on input lin
e 8.
LaTeX Font Info:    Overwriting math alphabet `\mathbf' in version `normal'
(Font)                  OT1/cmr/bx/n --> EU1/TimesNewRoman(0)/bx/n on input lin
e 8.
LaTeX Font Info:    Overwriting math alphabet `\mathsf' in version `normal'
(Font)                  OT1/cmss/m/n --> EU1/Arial(0)/m/n on input line 8.
LaTeX Font Info:    Overwriting math alphabet `\mathtt' in version `normal'
(Font)                  OT1/cmtt/m/n --> EU1/CourierNew(0)/m/n on input line 8.

LaTeX Font Info:    Overwriting symbol font `operators' in version `bold'
(Font)                  EU1/TimesNewRoman(0)/m/n --> EU1/TimesNewRoman(0)/bx/n 
on input line 8.
LaTeX Font Info:    Overwriting math alphabet `\mathrm' in version `bold'
(Font)                  EU1/TimesNewRoman(0)/m/n --> EU1/TimesNewRoman(0)/bx/n 
on input line 8.
LaTeX Font Info:    Overwriting math alphabet `\mathit' in version `bold'
(Font)                  OT1/cmr/bx/it --> EU1/TimesNewRoman(0)/bx/it on input l
ine 8.
LaTeX Font Info:    Overwriting math alphabet `\mathsf' in version `bold'
(Font)                  OT1/cmss/bx/n --> EU1/Arial(0)/bx/n on input line 8.
LaTeX Font Info:    Overwriting math alphabet `\mathtt' in version `bold'
(Font)                  OT1/cmtt/m/n --> EU1/CourierNew(0)/bx/n on input line 8
.
\openout2 = `title/title.aux'.

 (./title/title.tex
LaTeX Font Info:    Font shape `EU1/TimesNewRoman(0)/m/n' will be
(Font)              scaled to size 11.56366pt on input line 22.
LaTeX Font Info:    Font shape `EU1/TimesNewRoman(0)/bx/n' will be
(Font)              scaled to size 9.44046pt on input line 22.
LaTeX Font Info:    Font shape `EU1/TimesNewRoman(0)/bx/n' will be
(Font)              scaled to size 13.59425pt on input line 22.

[1


])
LaTeX Font Info:    Font shape `EU1/TimesNewRoman(0)/m/n' will be
(Font)              scaled to size 16.65166pt on input line 15.
LaTeX Font Info:    Font shape `EU1/TimesNewRoman(0)/m/sc' undefined
(Font)              using `EU1/TimesNewRoman(0)/m/n' instead on input line 15.
LaTeX Font Info:    Font shape `EU1/TimesNewRoman(0)/m/sc' will be
(Font)              scaled to size 16.65166pt on input line 15.
 (./default.toc)
\tf@toc=\write3
\openout3 = `default.toc'.

\openout2 = `src/sokr.aux'.

 (./src/sokr.tex
LaTeX Font Info:    Font shape `EU1/TimesNewRoman(0)/m/n' will be
(Font)              scaled to size 8.67274pt on input line 2.
 [2


]
LaTeX Font Info:    Font shape `EU1/TimesNewRoman(0)/m/n' will be
(Font)              scaled to size 13.87637pt on input line 5.
LaTeX Font Info:    Font shape `EU1/TimesNewRoman(0)/m/sc' will be
(Font)              scaled to size 13.87637pt on input line 5.
)
\openout2 = `src/int.aux'.

 (./src/int.tex [3

])
\openout2 = `src/ch01.aux'.

 (./src/ch01.tex
[4

]
{\Russian \CYRG \cyrl \cyra \cyrv \cyra } 1.
File: images/fig1.eps Graphic file (type eps)
<images/fig1.eps>
LaTeX Font Info:    Font shape `EU1/TimesNewRoman(0)/m/n' will be
(Font)              scaled to size 7.7091pt on input line 31.
LaTeX Font Info:    Font shape `EU1/TimesNewRoman(0)/m/n' will be
(Font)              scaled to size 6.74547pt on input line 36.
LaTeX Font Info:    Font shape `EU1/TimesNewRoman(0)/m/n' will be
(Font)              scaled to size 4.81819pt on input line 36.
LaTeX Font Info:    External font `cmex10' loaded for size
(Font)              <10> on input line 36.
LaTeX Font Info:    External font `cmex10' loaded for size
(Font)              <7> on input line 36.
LaTeX Font Info:    External font `cmex10' loaded for size
(Font)              <5> on input line 36.
File: images/fig4.eps Graphic file (type eps)
 <images/fig4.eps>
File: images/fig6.eps Graphic file (type eps)
 <images/fig6.eps>
LaTeX Font Info:    Font shape `EU1/TimesNewRoman(0)/m/n' will be
(Font)              scaled to size 5.78183pt on input line 47.
LaTeX Font Info:    External font `cmex10' loaded for size
(Font)              <8> on input line 47.
LaTeX Font Info:    External font `cmex10' loaded for size
(Font)              <6> on input line 47.


LaTeX Warning: `!h' float specifier changed to `!ht'.

[5

])
\openout2 = `src/ch02.aux'.

 (./src/ch02.tex [6]
{\Russian \CYRG \cyrl \cyra \cyrv \cyra } 2.

Underfull \hbox (badness 10000) in paragraph at lines 23--24
\EU1/TimesNewRoman(0)/m/n/8 40–ì–±, –≤–∏–¥–µ–æ–∫–∞—Ä—Ç–∞ Radeon
 []

)
\openout2 = `src/ch03.aux'.

 (./src/ch03.tex [7

]
{\Russian \CYRG \cyrl \cyra \cyrv \cyra } 3.
LaTeX Font Info:    Font shape `EU1/CourierNew(0)/m/n' will be
(Font)              scaled to size 10.0pt on input line 12.
)
\openout2 = `src/end.aux'.

 (./src/end.tex [8

] [9

])
\openout2 = `src/app01.aux'.

 (./src/app01.tex
{\Russian \CYRP \cyrr \cyri \cyrl \cyro \cyrzh \cyre \cyrn \cyri \cyre } \CYRA 
.
)
\openout2 = `src/app02.aux'.

 (./src/app02.tex [10


]
{\Russian \CYRP \cyrr \cyri \cyrl \cyro \cyrzh \cyre \cyrn \cyri \cyre } \CYRB 
.
)
No file default.bbl.
\tf@thm=\write4
\openout4 = `default.thm'.

[11


\@writefile{toc}{\contentsline {chapter}{\numberline {\CYRB }–ù–∞–∑–≤–∞–Ω–∏–µ –
≥–ª–∞–≤—ã}{11}}
\@writefile{lof}{\addvspace {10\p@ }}
\@writefile{lot}{\addvspace {10\p@ }}
\newlabel{app2}{{\CYRB }{11}}
\@writefile{toc}{\contentsline {section}{\numberline {\CYRB .1}–ù–∞–∑–≤–∞–Ω–∏–µ
 —Å–µ–∫—Ü–∏–∏}{11}}
\newlabel{app1:sec1}{{\CYRB .1}{11}}
\@writefile{toc}{\contentsline {section}{\numberline {\CYRB .2}–ù–∞–∑–≤–∞–Ω–∏–µ
 —Å–µ–∫—Ü–∏–∏}{11}}
\newlabel{app2:sec2}{{\CYRB .2}{11}}
] (./default.aux (./title/title.aux) (./src/sokr.aux) (./src/int.aux)
(./src/ch01.aux) (./src/ch02.aux) (./src/ch03.aux) (./src/end.aux)
(./src/app01.aux) (./src/app02.aux))
LaTeX Font Info:    Some font shapes were not available, defaults substituted.
 ) 
Here is how much of TeX's memory you used:
 10049 strings out of 495530
 151962 string characters out of 1187083
 251073 words of memory out of 3000000
 12911 multiletter control sequences out of 10000+50000
 7791 words of font info for 62 fonts, out of 3000000 for 5000
 212 hyphenation exceptions out of 8191
 64i,14n,94p,536b,441s stack positions out of 5000i,500n,10000p,200000b,50000s

Output written on default.pdf (11 pages).
